# JRE version: OpenJDK Runtime Environment (17.0.6) (build 17.0.6+0-b2043.56-10027231)
# Java VM: OpenJDK 64-Bit Server VM (17.0.6+0-b2043.56-10027231, mixed mode, tiered, compressed oops, compressed class ptrs, g1 gc, windows-amd64)
GC Precious Log:
 CPUs: 8 total, 8 available
 Memory: 8073M
 Large Page Support: Disabled
 NUMA Support: Disabled
 Compressed Oops: Enabled (32-bit)
 Heap Region Size: 1M
 Heap Min Capacity: 8M
 Heap Initial Capacity: 128M
 Heap Max Capacity: 2G
 Pre-touch: Disabled
 Parallel Workers: 8
 Concurrent Workers: 2
 Concurrent Refinement Workers: 8
 Periodic GC: Disabled
Heap:
 garbage-first heap   total 167936K, used 116263K [0x0000000080000000, 0x0000000100000000)
  region size 1024K, 26 young (26624K), 1 survivors (1024K)
 Metaspace       used 103078K, committed 103744K, reserved 1138688K
  class space    used 13939K, committed 14272K, reserved 1048576K
GC Heap History (20 events):
Event: 39.039 GC heap before
{Heap before GC invocations=23 (full 0):
 garbage-first heap   total 140288K, used 74134K [0x0000000080000000, 0x0000000100000000)
  region size 1024K, 6 young (6144K), 4 survivors (4096K)
 Metaspace       used 82994K, committed 83584K, reserved 1122304K
  class space    used 10954K, committed 11264K, reserved 1048576K
}
Event: 39.042 GC heap after
{Heap after GC invocations=24 (full 0):
 garbage-first heap   total 140288K, used 71998K [0x0000000080000000, 0x0000000100000000)
  region size 1024K, 1 young (1024K), 1 survivors (1024K)
 Metaspace       used 82994K, committed 83584K, reserved 1122304K
  class space    used 10954K, committed 11264K, reserved 1048576K
}
Event: 40.334 GC heap before
{Heap before GC invocations=24 (full 0):
 garbage-first heap   total 140288K, used 111934K [0x0000000080000000, 0x0000000100000000)
  region size 1024K, 41 young (41984K), 1 survivors (1024K)
 Metaspace       used 85798K, committed 86400K, reserved 1130496K
  class space    used 11373K, committed 11648K, reserved 1048576K
}
Event: 40.338 GC heap after
{Heap after GC invocations=25 (full 0):
 garbage-first heap   total 140288K, used 75216K [0x0000000080000000, 0x0000000100000000)
  region size 1024K, 5 young (5120K), 5 survivors (5120K)
 Metaspace       used 85798K, committed 86400K, reserved 1130496K
  class space    used 11373K, committed 11648K, reserved 1048576K
}
Event: 41.065 GC heap before
{Heap before GC invocations=26 (full 0):
 garbage-first heap   total 140288K, used 113104K [0x0000000080000000, 0x0000000100000000)
  region size 1024K, 42 young (43008K), 5 survivors (5120K)
 Metaspace       used 90280K, committed 90880K, reserved 1130496K
  class space    used 12183K, committed 12480K, reserved 1048576K
}
Event: 41.071 GC heap after
{Heap after GC invocations=27 (full 0):
 garbage-first heap   total 140288K, used 77824K [0x0000000080000000, 0x0000000100000000)
  region size 1024K, 3 young (3072K), 3 survivors (3072K)
 Metaspace       used 90280K, committed 90880K, reserved 1130496K
  class space    used 12183K, committed 12480K, reserved 1048576K
}
Event: 41.111 GC heap before
{Heap before GC invocations=27 (full 0):
 garbage-first heap   total 140288K, used 80896K [0x0000000080000000, 0x0000000100000000)
  region size 1024K, 6 young (6144K), 3 survivors (3072K)
 Metaspace       used 90549K, committed 91200K, reserved 1130496K
  class space    used 12224K, committed 12544K, reserved 1048576K
}
Event: 41.115 GC heap after
{Heap after GC invocations=28 (full 0):
 garbage-first heap   total 140288K, used 77661K [0x0000000080000000, 0x0000000100000000)
  region size 1024K, 1 young (1024K), 1 survivors (1024K)
 Metaspace       used 90549K, committed 91200K, reserved 1130496K
  class space    used 12224K, committed 12544K, reserved 1048576K
}
Event: 41.696 GC heap before
{Heap before GC invocations=28 (full 0):
 garbage-first heap   total 140288K, used 114525K [0x0000000080000000, 0x0000000100000000)
  region size 1024K, 37 young (37888K), 1 survivors (1024K)
 Metaspace       used 93924K, committed 94592K, reserved 1138688K
  class space    used 12724K, committed 13056K, reserved 1048576K
}
Event: 41.701 GC heap after
{Heap after GC invocations=29 (full 0):
 garbage-first heap   total 140288K, used 80656K [0x0000000080000000, 0x0000000100000000)
  region size 1024K, 4 young (4096K), 4 survivors (4096K)
 Metaspace       used 93924K, committed 94592K, reserved 1138688K
  class space    used 12724K, committed 13056K, reserved 1048576K
}
Event: 43.277 GC heap before
{Heap before GC invocations=30 (full 0):
 garbage-first heap   total 147456K, used 114448K [0x0000000080000000, 0x0000000100000000)
  region size 1024K, 37 young (37888K), 4 survivors (4096K)
 Metaspace       used 98566K, committed 99200K, reserved 1138688K
  class space    used 13396K, committed 13696K, reserved 1048576K
}
Event: 43.282 GC heap after
{Heap after GC invocations=31 (full 0):
 garbage-first heap   total 147456K, used 83649K [0x0000000080000000, 0x0000000100000000)
  region size 1024K, 4 young (4096K), 4 survivors (4096K)
 Metaspace       used 98566K, committed 99200K, reserved 1138688K
  class space    used 13396K, committed 13696K, reserved 1048576K
}
Event: 43.363 GC heap before
{Heap before GC invocations=31 (full 0):
 garbage-first heap   total 147456K, used 86721K [0x0000000080000000, 0x0000000100000000)
  region size 1024K, 7 young (7168K), 4 survivors (4096K)
 Metaspace       used 98925K, committed 99584K, reserved 1138688K
  class space    used 13454K, committed 13760K, reserved 1048576K
}
Event: 43.367 GC heap after
{Heap after GC invocations=32 (full 0):
 garbage-first heap   total 147456K, used 83456K [0x0000000080000000, 0x0000000100000000)
  region size 1024K, 1 young (1024K), 1 survivors (1024K)
 Metaspace       used 98925K, committed 99584K, reserved 1138688K
  class space    used 13454K, committed 13760K, reserved 1048576K
}
Event: 43.798 GC heap before
{Heap before GC invocations=32 (full 0):
 garbage-first heap   total 147456K, used 121344K [0x0000000080000000, 0x0000000100000000)
  region size 1024K, 38 young (38912K), 1 survivors (1024K)
 Metaspace       used 100766K, committed 101440K, reserved 1138688K
  class space    used 13704K, committed 14016K, reserved 1048576K
}
Event: 43.803 GC heap after
{Heap after GC invocations=33 (full 0):
 garbage-first heap   total 147456K, used 87116K [0x0000000080000000, 0x0000000100000000)
  region size 1024K, 5 young (5120K), 5 survivors (5120K)
 Metaspace       used 100766K, committed 101440K, reserved 1138688K
  class space    used 13704K, committed 14016K, reserved 1048576K
}
Event: 44.054 GC heap before
{Heap before GC invocations=34 (full 0):
 garbage-first heap   total 167936K, used 120908K [0x0000000080000000, 0x0000000100000000)
  region size 1024K, 38 young (38912K), 5 survivors (5120K)
 Metaspace       used 100870K, committed 101568K, reserved 1138688K
  class space    used 13710K, committed 14080K, reserved 1048576K
}
Event: 44.061 GC heap after
{Heap after GC invocations=35 (full 0):
 garbage-first heap   total 167936K, used 92046K [0x0000000080000000, 0x0000000100000000)
  region size 1024K, 5 young (5120K), 5 survivors (5120K)
 Metaspace       used 100870K, committed 101568K, reserved 1138688K
  class space    used 13710K, committed 14080K, reserved 1048576K
}
Event: 44.084 GC heap before
{Heap before GC invocations=35 (full 0):
 garbage-first heap   total 167936K, used 95118K [0x0000000080000000, 0x0000000100000000)
  region size 1024K, 8 young (8192K), 5 survivors (5120K)
 Metaspace       used 100878K, committed 101632K, reserved 1138688K
  class space    used 13710K, committed 14080K, reserved 1048576K
}
Event: 44.089 GC heap after
{Heap after GC invocations=36 (full 0):
 garbage-first heap   total 167936K, used 92711K [0x0000000080000000, 0x0000000100000000)
  region size 1024K, 1 young (1024K), 1 survivors (1024K)
 Metaspace       used 100878K, committed 101632K, reserved 1138688K
  class space    used 13710K, committed 14080K, reserved 1048576K
}

